<?xml version="1.0" encoding="UTF-8"?>
<!-- Generated by org.testng.reporters.JUnitReportReporter -->
<testsuite skipped="0" hostname="LAPTOP-5M6A98T7" name="day7_Duplicate.PostingDataUsingXML" tests="1" failures="0" timestamp="16 Jul 2019 10:06:18 GMT" time="1.810" errors="0">
  <testcase name="test" time="1.810" classname="day7_Duplicate.PostingDataUsingXML"/>
</testsuite> <!-- day7_Duplicate.PostingDataUsingXML -->
