<?xml version="1.0" encoding="UTF-8"?>
<!-- Generated by org.testng.reporters.JUnitReportReporter -->
<testsuite skipped="0" hostname="LAPTOP-5M6A98T7" name="ankroTraining.ActionsClass_ClickinMultipleItems" tests="1" failures="0" timestamp="18 Aug 2019 15:03:29 GMT" time="15.559" errors="0">
  <testcase name="test" time="15.559" classname="ankroTraining.ActionsClass_ClickinMultipleItems"/>
</testsuite> <!-- ankroTraining.ActionsClass_ClickinMultipleItems -->
