<?xml version="1.0" encoding="UTF-8"?>
<!-- Generated by org.testng.reporters.JUnitReportReporter -->
<testsuite skipped="0" hostname="LAPTOP-5M6A98T7" name="day9.OAuth2" tests="3" failures="0" timestamp="15 Aug 2019 13:23:12 GMT" time="6.796" errors="0">
  <testcase name="testEndPointWithToken1" time="0.683" classname="day9.OAuth2"/>
  <testcase name="testEndPointWithToken" time="0.759" classname="day9.OAuth2"/>
  <testcase name="testEndPointWithOutToken" time="5.354" classname="day9.OAuth2"/>
</testsuite> <!-- day9.OAuth2 -->
