<?xml version="1.0" encoding="UTF-8"?>
<!-- Generated by org.testng.reporters.JUnitReportReporter -->
<testsuite skipped="0" hostname="LAPTOP-5M6A98T7" name="day7_Duplicate.PutDemo" tests="1" failures="0" timestamp="16 Jul 2019 06:50:51 GMT" time="2.468" errors="0">
  <testcase name="putMethod" time="2.468" classname="day7_Duplicate.PutDemo"/>
</testsuite> <!-- day7_Duplicate.PutDemo -->
