<?xml version="1.0" encoding="UTF-8"?>
<!-- Generated by org.testng.reporters.JUnitReportReporter -->
<testsuite skipped="0" hostname="LAPTOP-5M6A98T7" name="practiseSessions.Class4_BasicAuthetication" tests="1" failures="0" timestamp="13 Jun 2019 12:15:05 GMT" time="1.761" errors="0">
  <testcase name="testAuthetication" time="1.761" classname="practiseSessions.Class4_BasicAuthetication"/>
</testsuite> <!-- practiseSessions.Class4_BasicAuthetication -->
