<?xml version="1.0" encoding="UTF-8"?>
<!-- Generated by org.testng.reporters.JUnitReportReporter -->
<testsuite skipped="0" hostname="LAPTOP-5M6A98T7" name="day9.Cookies_Demo" tests="1" failures="0" timestamp="18 Aug 2019 20:54:44 GMT" time="2.349" errors="0">
  <testcase name="testCookies" time="2.349" classname="day9.Cookies_Demo"/>
</testsuite> <!-- day9.Cookies_Demo -->
