<?xml version="1.0" encoding="UTF-8"?>
<!-- Generated by org.testng.reporters.JUnitReportReporter -->
<testsuite skipped="0" hostname="LAPTOP-5M6A98T7" name="day8.OAuth_Get" tests="1" failures="0" timestamp="15 Aug 2019 06:41:52 GMT" time="4.157" errors="0">
  <testcase name="postingTweetInTwitter" time="4.157" classname="day8.OAuth_Get"/>
</testsuite> <!-- day8.OAuth_Get -->
