<?xml version="1.0" encoding="UTF-8"?>
<!-- Generated by org.testng.reporters.JUnitReportReporter -->
<testsuite skipped="0" hostname="LAPTOP-5M6A98T7" name="day8.OAuth" tests="1" failures="0" timestamp="24 Jul 2019 16:48:21 GMT" time="3.047" errors="0">
  <testcase name="postingTweetInTwitter" time="3.047" classname="day8.OAuth"/>
</testsuite> <!-- day8.OAuth -->
