<?xml version="1.0" encoding="UTF-8"?>
<!-- Generated by org.testng.reporters.JUnitReportReporter -->
<testsuite skipped="0" hostname="LAPTOP-5M6A98T7" name="practiseSessions.RestAssuredDemo1" tests="1" failures="0" timestamp="12 Jun 2019 05:32:38 GMT" time="2.911" errors="0">
  <testcase name="testMethod" time="2.911" classname="practiseSessions.RestAssuredDemo1"/>
</testsuite> <!-- practiseSessions.RestAssuredDemo1 -->
