<?xml version="1.0" encoding="UTF-8"?>
<!-- Generated by org.testng.reporters.JUnitReportReporter -->
<testsuite skipped="0" hostname="LAPTOP-5M6A98T7" name="day9.OAuth3" tests="4" failures="0" timestamp="15 Aug 2019 15:35:36 GMT" time="4.621" errors="0">
  <testcase name="testEndPointWithToken1" time="0.565" classname="day9.OAuth3"/>
  <testcase name="generateToken" time="2.550" classname="day9.OAuth3"/>
  <testcase name="testEndPointWithOutToken" time="1.113" classname="day9.OAuth3"/>
  <testcase name="testEndPointWithToken" time="0.393" classname="day9.OAuth3"/>
</testsuite> <!-- day9.OAuth3 -->
