<?xml version="1.0" encoding="UTF-8"?>
<!-- Generated by org.testng.reporters.JUnitReportReporter -->
<testsuite skipped="0" hostname="LAPTOP-5M6A98T7" name="day8.PostingDataUsingXML" tests="1" failures="0" timestamp="19 Jul 2019 11:45:20 GMT" time="1.816" errors="0">
  <testcase name="test" time="1.816" classname="day8.PostingDataUsingXML"/>
</testsuite> <!-- day8.PostingDataUsingXML -->
