<?xml version="1.0" encoding="UTF-8"?>
<!-- Generated by org.testng.reporters.JUnitReportReporter -->
<testsuite skipped="0" hostname="LAPTOP-5M6A98T7" name="day4_Duplicate.HandleAuthetication1" tests="1" failures="0" timestamp="15 Jul 2019 10:15:56 GMT" time="1.791" errors="0">
  <testcase name="VerifyAPITest" time="1.791" classname="day4_Duplicate.HandleAuthetication1"/>
</testsuite> <!-- day4_Duplicate.HandleAuthetication1 -->
