<?xml version="1.0" encoding="UTF-8"?>
<!-- Generated by org.testng.reporters.JUnitReportReporter -->
<testsuite skipped="0" hostname="LAPTOP-5M6A98T7" name="day5_Duplicate.PostMethod" tests="1" failures="0" timestamp="01 Mar 2020 14:24:48 GMT" time="2.333" errors="0">
  <testcase name="getLaptopData" time="2.333" classname="day5_Duplicate.PostMethod"/>
</testsuite> <!-- day5_Duplicate.PostMethod -->
