<?xml version="1.0" encoding="UTF-8"?>
<!-- Generated by org.testng.reporters.JUnitReportReporter -->
<testsuite skipped="0" hostname="LAPTOP-5M6A98T7" name="day3.JsonPathDemo" tests="1" failures="0" timestamp="22 Feb 2020 14:15:17 GMT" time="4.016" errors="0">
  <testcase name="test1" time="4.016" classname="day3.JsonPathDemo"/>
</testsuite> <!-- day3.JsonPathDemo -->
