<?xml version="1.0" encoding="UTF-8"?>
<!-- Generated by org.testng.reporters.JUnitReportReporter -->
<testsuite skipped="0" hostname="LAPTOP-5M6A98T7" name="day3.JsonPathDemo" tests="1" failures="0" timestamp="05 Aug 2019 18:36:31 GMT" time="3.211" errors="0">
  <testcase name="test1" time="3.211" classname="day3.JsonPathDemo"/>
</testsuite> <!-- day3.JsonPathDemo -->
