<?xml version="1.0" encoding="UTF-8"?>
<!-- Generated by org.testng.reporters.JUnitReportReporter -->
<testsuite skipped="0" hostname="LAPTOP-5M6A98T7" name="practiseSessions.Class1_QueryParameters" tests="1" failures="0" timestamp="05 Aug 2019 18:48:13 GMT" time="2.272" errors="0">
  <testcase name="test" time="2.272" classname="practiseSessions.Class1_QueryParameters"/>
</testsuite> <!-- practiseSessions.Class1_QueryParameters -->
