<?xml version="1.0" encoding="UTF-8"?>
<!-- Generated by org.testng.reporters.JUnitReportReporter -->
<testsuite skipped="0" hostname="LAPTOP-5M6A98T7" name="day8.OAuth_Get" tests="1" failures="0" timestamp="19 Jul 2019 19:39:31 GMT" time="3.074" errors="0">
  <testcase name="postingTweetInTwitter" time="3.074" classname="day8.OAuth_Get"/>
</testsuite> <!-- day8.OAuth_Get -->
