<?xml version="1.0" encoding="UTF-8"?>
<!-- Generated by org.testng.reporters.JUnitReportReporter -->
<testsuite skipped="0" hostname="LAPTOP-5M6A98T7" name="dataDrivenTesting.Testing" tests="1" failures="0" timestamp="22 Aug 2019 07:21:07 GMT" time="13.756" errors="0">
  <testcase name="test" time="13.756" classname="dataDrivenTesting.Testing"/>
</testsuite> <!-- dataDrivenTesting.Testing -->
