<?xml version="1.0" encoding="UTF-8"?>
<!-- Generated by org.testng.reporters.JUnitReportReporter -->
<testsuite skipped="0" hostname="LAPTOP-5M6A98T7" name="payload.PayloadThroughJson" tests="1" failures="0" timestamp="12 Aug 2019 07:36:57 GMT" time="2.165" errors="0">
  <testcase name="postingData" time="2.165" classname="payload.PayloadThroughJson"/>
</testsuite> <!-- payload.PayloadThroughJson -->
