<?xml version="1.0" encoding="UTF-8"?>
<!-- Generated by org.testng.reporters.JUnitReportReporter -->
<testsuite skipped="0" hostname="LAPTOP-5M6A98T7" name="practiseSessions.Class3_HamcrestDemo" tests="2" failures="0" timestamp="13 Jun 2019 05:37:48 GMT" time="5.356" errors="0">
  <testcase name="test1" time="3.247" classname="practiseSessions.Class3_HamcrestDemo"/>
  <testcase name="test2" time="2.109" classname="practiseSessions.Class3_HamcrestDemo"/>
</testsuite> <!-- practiseSessions.Class3_HamcrestDemo -->
