<?xml version="1.0" encoding="UTF-8"?>
<!-- Generated by org.testng.reporters.JUnitReportReporter -->
<testsuite hostname="LAPTOP-5M6A98T7" name="day1.AutomateRESTDemo2" tests="2" failures="0" timestamp="20 Apr 2019 10:02:48 GMT" time="2.865" errors="0">
  <testcase name="test2" time="0.829" classname="day1.AutomateRESTDemo2"/>
  <testcase name="test1" time="2.036" classname="day1.AutomateRESTDemo2"/>
</testsuite> <!-- day1.AutomateRESTDemo2 -->
