<?xml version="1.0" encoding="UTF-8"?>
<!-- Generated by org.testng.reporters.JUnitReportReporter -->
<testsuite skipped="0" hostname="LAPTOP-5M6A98T7" name="day9.Demo" tests="1" failures="0" timestamp="18 Aug 2019 20:58:14 GMT" time="4.404" errors="0">
  <testcase name="generateToken" time="4.404" classname="day9.Demo"/>
</testsuite> <!-- day9.Demo -->
