<?xml version="1.0" encoding="UTF-8"?>
<!-- Generated by org.testng.reporters.JUnitReportReporter -->
<testsuite skipped="0" hostname="LAPTOP-5M6A98T7" name="verizonCompany.PayLoadThroughXML" tests="1" failures="0" timestamp="06 Aug 2019 18:47:25 GMT" time="2.231" errors="0">
  <testcase name="PostDataViaXML" time="2.231" classname="verizonCompany.PayLoadThroughXML"/>
</testsuite> <!-- verizonCompany.PayLoadThroughXML -->
