<?xml version="1.0" encoding="UTF-8"?>
<!-- Generated by org.testng.reporters.JUnitReportReporter -->
<testsuite skipped="0" hostname="LAPTOP-5M6A98T7" name="day3.AutomateRestDemmo" tests="2" failures="0" timestamp="05 Aug 2019 18:32:12 GMT" time="4.633" errors="0">
  <testcase name="test2" time="0.908" classname="day3.AutomateRestDemmo"/>
  <testcase name="test1" time="3.725" classname="day3.AutomateRestDemmo"/>
</testsuite> <!-- day3.AutomateRestDemmo -->
