<?xml version="1.0" encoding="UTF-8"?>
<!-- Generated by org.testng.reporters.JUnitReportReporter -->
<testsuite skipped="0" hostname="LAPTOP-5M6A98T7" name="demo.JsonObjectDemo" tests="1" failures="0" timestamp="29 Jul 2019 17:18:46 GMT" time="1.465" errors="0">
  <testcase name="test" time="1.465" classname="demo.JsonObjectDemo"/>
</testsuite> <!-- demo.JsonObjectDemo -->
