<?xml version="1.0" encoding="UTF-8"?>
<!-- Generated by org.testng.reporters.JUnitReportReporter -->
<testsuite skipped="0" hostname="LAPTOP-5M6A98T7" name="day6_Duplicate.JsonPathDemo2" tests="1" failures="0" timestamp="20 Sep 2019 04:19:56 GMT" time="2.457" errors="0">
  <testcase name="verifyJsonExpression" time="2.457" classname="day6_Duplicate.JsonPathDemo2"/>
</testsuite> <!-- day6_Duplicate.JsonPathDemo2 -->
