<?xml version="1.0" encoding="UTF-8"?>
<!-- Generated by org.testng.reporters.JUnitReportReporter -->
<testsuite skipped="0" hostname="LAPTOP-5M6A98T7" name="demo.PayLoadThroghXML" tests="1" failures="0" timestamp="29 Jul 2019 17:54:42 GMT" time="1.514" errors="0">
  <testcase name="test" time="1.514" classname="demo.PayLoadThroghXML"/>
</testsuite> <!-- demo.PayLoadThroghXML -->
