<?xml version="1.0" encoding="UTF-8"?>
<!-- Generated by org.testng.reporters.JUnitReportReporter -->
<testsuite skipped="0" hostname="LAPTOP-5M6A98T7" name="day7.PayLoadThroughExternalFile" tests="1" failures="0" timestamp="15 Jun 2019 07:21:35 GMT" time="3.088" errors="0">
  <testcase name="testPayLoadThroughExternalFile" time="3.088" classname="day7.PayLoadThroughExternalFile"/>
</testsuite> <!-- day7.PayLoadThroughExternalFile -->
