<?xml version="1.0" encoding="UTF-8"?>
<!-- Generated by org.testng.reporters.JUnitReportReporter -->
<testsuite skipped="0" hostname="LAPTOP-5M6A98T7" name="day3.AutomateRestDemmo" tests="2" failures="0" timestamp="02 Feb 2020 15:21:26 GMT" time="3.700" errors="0">
  <testcase name="test1" time="2.721" classname="day3.AutomateRestDemmo"/>
  <testcase name="test2" time="0.979" classname="day3.AutomateRestDemmo"/>
</testsuite> <!-- day3.AutomateRestDemmo -->
