<?xml version="1.0" encoding="UTF-8"?>
<!-- Generated by org.testng.reporters.JUnitReportReporter -->
<testsuite skipped="0" hostname="LAPTOP-5M6A98T7" name="day9.OAuth2" tests="1" failures="0" timestamp="23 Feb 2020 14:02:07 GMT" time="2.303" errors="0">
  <testcase name="testEndPointWithToken1" time="2.303" classname="day9.OAuth2"/>
</testsuite> <!-- day9.OAuth2 -->
