<?xml version="1.0" encoding="UTF-8"?>
<!-- Generated by org.testng.reporters.JUnitReportReporter -->
<testsuite skipped="0" hostname="LAPTOP-5M6A98T7" name="day3_ResponseSpecBuilderAndPostAPI.PostAPI" tests="1" failures="0" timestamp="09 Mar 2020 19:54:22 GMT" time="2.854" errors="0">
  <testcase name="reteriveTokenID" time="2.854" classname="day3_ResponseSpecBuilderAndPostAPI.PostAPI"/>
</testsuite> <!-- day3_ResponseSpecBuilderAndPostAPI.PostAPI -->
