<?xml version="1.0" encoding="UTF-8"?>
<!-- Generated by org.testng.reporters.JUnitReportReporter -->
<testsuite skipped="0" hostname="LAPTOP-5M6A98T7" name="practiseSessions.Class3_Demo1" tests="1" failures="0" timestamp="15 Jul 2019 10:36:51 GMT" time="2.032" errors="0">
  <testcase name="test" time="2.032" classname="practiseSessions.Class3_Demo1"/>
</testsuite> <!-- practiseSessions.Class3_Demo1 -->
