<?xml version="1.0" encoding="UTF-8"?>
<!-- Generated by org.testng.reporters.JUnitReportReporter -->
<testsuite skipped="0" hostname="LAPTOP-5M6A98T7" name="practiseSessions.Class4_Authetication" tests="1" failures="0" timestamp="15 Jun 2019 00:00:39 GMT" time="2.852" errors="0">
  <testcase name="autheticationTest" time="2.852" classname="practiseSessions.Class4_Authetication"/>
</testsuite> <!-- practiseSessions.Class4_Authetication -->
