<?xml version="1.0" encoding="UTF-8"?>
<!-- Generated by org.testng.reporters.JUnitReportReporter -->
<testsuite skipped="0" hostname="LAPTOP-5M6A98T7" name="day7.PutDemo" tests="1" failures="0" timestamp="16 Jul 2019 06:46:53 GMT" time="1.340" errors="0">
  <testcase name="putData" time="1.340" classname="day7.PutDemo"/>
</testsuite> <!-- day7.PutDemo -->
