<?xml version="1.0" encoding="UTF-8"?>
<!-- Generated by org.testng.reporters.JUnitReportReporter -->
<testsuite skipped="0" hostname="LAPTOP-5M6A98T7" name="dataDrivenTesting.PayLoadThroughXML" tests="1" failures="0" timestamp="14 Aug 2019 19:21:22 GMT" time="1.485" errors="0">
  <testcase name="test" time="1.485" classname="dataDrivenTesting.PayLoadThroughXML"/>
</testsuite> <!-- dataDrivenTesting.PayLoadThroughXML -->
