<?xml version="1.0" encoding="UTF-8"?>
<!-- Generated by org.testng.reporters.JUnitReportReporter -->
<testsuite skipped="0" hostname="LAPTOP-5M6A98T7" name="verizonCompany.WAP_StringDuplicate" tests="1" failures="0" timestamp="18 Aug 2019 14:39:22 GMT" time="0.016" errors="0">
  <testcase name="stringDuplicate" time="0.016" classname="verizonCompany.WAP_StringDuplicate"/>
</testsuite> <!-- verizonCompany.WAP_StringDuplicate -->
