<?xml version="1.0" encoding="UTF-8"?>
<!-- Generated by org.testng.reporters.JUnitReportReporter -->
<testsuite skipped="0" hostname="LAPTOP-5M6A98T7" name="verizonCompany.RestAssured_GetMethodforLaptopBag" tests="1" failures="0" timestamp="06 Aug 2019 13:32:09 GMT" time="4.320" errors="0">
  <testcase name="verifyLaptop" time="4.320" classname="verizonCompany.RestAssured_GetMethodforLaptopBag"/>
</testsuite> <!-- verizonCompany.RestAssured_GetMethodforLaptopBag -->
