<?xml version="1.0" encoding="UTF-8"?>
<!-- Generated by org.testng.reporters.JUnitReportReporter -->
<testsuite skipped="0" hostname="LAPTOP-5M6A98T7" name="day7.LogsDemo" tests="1" failures="0" timestamp="15 Jun 2019 05:06:42 GMT" time="2.056" errors="0">
  <testcase name="test" time="2.056" classname="day7.LogsDemo"/>
</testsuite> <!-- day7.LogsDemo -->
