<?xml version="1.0" encoding="UTF-8"?>
<!-- Generated by org.testng.reporters.JUnitReportReporter -->
<testsuite hostname="LAPTOP-5M6A98T7" name="day1.AutomateRESTDemo1" tests="1" failures="0" timestamp="20 Apr 2019 08:13:52 GMT" time="3.563" errors="0">
  <testcase name="test1" time="3.563" classname="day1.AutomateRESTDemo1"/>
</testsuite> <!-- day1.AutomateRESTDemo1 -->
