<?xml version="1.0" encoding="UTF-8"?>
<!-- Generated by org.testng.reporters.JUnitReportReporter -->
<testsuite skipped="0" hostname="LAPTOP-5M6A98T7" name="day9.OAuth3" tests="1" failures="0" timestamp="23 Feb 2020 17:10:59 GMT" time="2.425" errors="0">
  <testcase name="generateToken" time="2.425" classname="day9.OAuth3"/>
</testsuite> <!-- day9.OAuth3 -->
