<?xml version="1.0" encoding="UTF-8"?>
<!-- Generated by org.testng.reporters.JUnitReportReporter -->
<testsuite skipped="0" hostname="LAPTOP-5M6A98T7" name="day7.PayLoadThroughObjectMappingXML" tests="1" failures="0" timestamp="16 Jun 2019 17:20:54 GMT" time="2.573" errors="0">
  <testcase name="test" time="2.573" classname="day7.PayLoadThroughObjectMappingXML"/>
</testsuite> <!-- day7.PayLoadThroughObjectMappingXML -->
