<?xml version="1.0" encoding="UTF-8"?>
<!-- Generated by org.testng.reporters.JUnitReportReporter -->
<testsuite skipped="0" hostname="LAPTOP-5M6A98T7" name="day8.PostingDataUsingXML" tests="1" failures="0" timestamp="14 Aug 2019 19:47:35 GMT" time="1.553" errors="0">
  <testcase name="test" time="1.553" classname="day8.PostingDataUsingXML"/>
</testsuite> <!-- day8.PostingDataUsingXML -->
