<?xml version="1.0" encoding="UTF-8"?>
<!-- Generated by org.testng.reporters.JUnitReportReporter -->
<testsuite skipped="0" hostname="LAPTOP-5M6A98T7" name="practiseSessions.Class5_PostMethod" tests="1" failures="0" timestamp="14 Jun 2019 09:56:59 GMT" time="1.918" errors="0">
  <testcase name="test" time="1.918" classname="practiseSessions.Class5_PostMethod"/>
</testsuite> <!-- practiseSessions.Class5_PostMethod -->
