<?xml version="1.0" encoding="UTF-8"?>
<!-- Generated by org.testng.reporters.JUnitReportReporter -->
<testsuite skipped="0" hostname="LAPTOP-5M6A98T7" name="day6_Duplicate.JsonXpathExpression" tests="1" failures="0" timestamp="16 Jul 2019 06:14:32 GMT" time="4.921" errors="0">
  <testcase name="verifyGoogleMap" time="4.921" classname="day6_Duplicate.JsonXpathExpression"/>
</testsuite> <!-- day6_Duplicate.JsonXpathExpression -->
