<?xml version="1.0" encoding="UTF-8"?>
<!-- Generated by org.testng.reporters.JUnitReportReporter -->
<testsuite skipped="0" hostname="LAPTOP-5M6A98T7" name="verizonCompany.PayLoadThroughJsonObject" tests="1" failures="0" timestamp="06 Aug 2019 18:24:56 GMT" time="2.039" errors="0">
  <testcase name="postData" time="2.039" classname="verizonCompany.PayLoadThroughJsonObject"/>
</testsuite> <!-- verizonCompany.PayLoadThroughJsonObject -->
