<?xml version="1.0" encoding="UTF-8"?>
<!-- Generated by org.testng.reporters.JUnitReportReporter -->
<testsuite hostname="LAPTOP-5M6A98T7" name="day5.PostRequestDemo" tests="1" failures="0" timestamp="22 Apr 2019 15:13:46 GMT" time="2.796" errors="0">
  <testcase name="postLaptop" time="2.796" classname="day5.PostRequestDemo"/>
</testsuite> <!-- day5.PostRequestDemo -->
