<?xml version="1.0" encoding="UTF-8"?>
<!-- Generated by org.testng.reporters.JUnitReportReporter -->
<testsuite skipped="0" hostname="LAPTOP-5M6A98T7" name="dataDrivenTesting.PostingDataUsingJsonObject" tests="1" failures="0" timestamp="14 Aug 2019 18:23:19 GMT" time="2.726" errors="0">
  <testcase name="postingData" time="2.726" classname="dataDrivenTesting.PostingDataUsingJsonObject"/>
</testsuite> <!-- dataDrivenTesting.PostingDataUsingJsonObject -->
