<?xml version="1.0" encoding="UTF-8"?>
<!-- Generated by org.testng.reporters.JUnitReportReporter -->
<testsuite skipped="0" hostname="LAPTOP-5M6A98T7" name="day7.PayLoadThroughObjectMapping" tests="1" failures="0" timestamp="06 Aug 2019 18:22:15 GMT" time="2.652" errors="0">
  <testcase name="test" time="2.652" classname="day7.PayLoadThroughObjectMapping"/>
</testsuite> <!-- day7.PayLoadThroughObjectMapping -->
