<?xml version="1.0" encoding="UTF-8"?>
<!-- Generated by org.testng.reporters.JUnitReportReporter -->
<testsuite skipped="1" hostname="LAPTOP-5M6A98T7" name="day5_Duplicate.PostMethod" tests="2" failures="0" timestamp="15 Jul 2019 12:05:21 GMT" time="1.640" errors="0">
  <testcase name="getLaptopData" time="1.640" classname="day5_Duplicate.PostMethod"/>
  <testcase name="addDataThroughPostMethod" classname="day5_Duplicate.PostMethod">
    <skipped/>
  </testcase> <!-- addDataThroughPostMethod -->
</testsuite> <!-- day5_Duplicate.PostMethod -->
