<?xml version="1.0" encoding="UTF-8"?>
<!-- Generated by org.testng.reporters.JUnitReportReporter -->
<testsuite skipped="0" hostname="LAPTOP-5M6A98T7" name="practiseSessions.RestAssuredDemo2" tests="1" failures="0" timestamp="12 Jun 2019 05:49:29 GMT" time="2.818" errors="0">
  <testcase name="test1" time="2.818" classname="practiseSessions.RestAssuredDemo2"/>
</testsuite> <!-- practiseSessions.RestAssuredDemo2 -->
