<?xml version="1.0" encoding="UTF-8"?>
<!-- Generated by org.testng.reporters.JUnitReportReporter -->
<testsuite skipped="0" hostname="LAPTOP-5M6A98T7" name="day7_Duplicate.PostingDataUsingJsonObject" tests="1" failures="0" timestamp="16 Jul 2019 11:54:58 GMT" time="1.714" errors="0">
  <testcase name="postData" time="1.714" classname="day7_Duplicate.PostingDataUsingJsonObject"/>
</testsuite> <!-- day7_Duplicate.PostingDataUsingJsonObject -->
