<?xml version="1.0" encoding="UTF-8"?>
<!-- Generated by org.testng.reporters.JUnitReportReporter -->
<testsuite skipped="0" hostname="LAPTOP-5M6A98T7" name="day9.OAuth2" tests="1" failures="0" timestamp="24 Jul 2019 18:41:43 GMT" time="2.631" errors="0">
  <testcase name="testEndPoint" time="2.631" classname="day9.OAuth2"/>
</testsuite> <!-- day9.OAuth2 -->
