<?xml version="1.0" encoding="UTF-8"?>
<!-- Generated by org.testng.reporters.JUnitReportReporter -->
<testsuite skipped="0" hostname="LAPTOP-5M6A98T7" name="day7_Duplicate.PostingDataUsingExternalJsonFile" tests="1" failures="0" timestamp="16 Jul 2019 09:25:44 GMT" time="2.085" errors="0">
  <testcase name="postingData" time="2.085" classname="day7_Duplicate.PostingDataUsingExternalJsonFile"/>
</testsuite> <!-- day7_Duplicate.PostingDataUsingExternalJsonFile -->
