<?xml version="1.0" encoding="UTF-8"?>
<!-- Generated by org.testng.reporters.JUnitReportReporter -->
<testsuite skipped="0" hostname="LAPTOP-5M6A98T7" name="day4_Duplicate.HandlingAuthetication" tests="1" failures="0" timestamp="15 Jul 2019 10:15:39 GMT" time="1.784" errors="0">
  <testcase name="verifyAPI" time="1.784" classname="day4_Duplicate.HandlingAuthetication"/>
</testsuite> <!-- day4_Duplicate.HandlingAuthetication -->
