<?xml version="1.0" encoding="UTF-8"?>
<!-- Generated by org.testng.reporters.JUnitReportReporter -->
<testsuite skipped="0" hostname="LAPTOP-5M6A98T7" name="day6.GetDataFromResponse" tests="1" failures="0" timestamp="05 Aug 2019 18:42:26 GMT" time="2.614" errors="0">
  <testcase name="myJsonExpressionTest" time="2.614" classname="day6.GetDataFromResponse"/>
</testsuite> <!-- day6.GetDataFromResponse -->
