<?xml version="1.0" encoding="UTF-8"?>
<!-- Generated by org.testng.reporters.JUnitReportReporter -->
<testsuite hostname="LAPTOP-5M6A98T7" name="day4.TestLocalWebApplication" tests="2" failures="0" timestamp="22 Apr 2019 02:24:32 GMT" time="2.055" errors="0">
  <testcase name="testLocalService" time="2.030" classname="day4.TestLocalWebApplication"/>
  <testcase name="testLocalService1" time="0.025" classname="day4.TestLocalWebApplication"/>
</testsuite> <!-- day4.TestLocalWebApplication -->
